Determining if the pthread_create exist failed with the following output:
Change Dir: /home/ishkgur/Descargas/CUDA/cudacv-bw-F/CMakeFiles/CMakeTmp

Run Build Command:"/usr/bin/make" "cmTC_9f121/fast"
/usr/bin/make -f CMakeFiles/cmTC_9f121.dir/build.make CMakeFiles/cmTC_9f121.dir/build
make[1]: se entra en el directorio '/home/ishkgur/Descargas/CUDA/cudacv-bw-F/CMakeFiles/CMakeTmp'
Building C object CMakeFiles/cmTC_9f121.dir/CheckSymbolExists.c.o
/usr/bin/cc   -fPIC    -o CMakeFiles/cmTC_9f121.dir/CheckSymbolExists.c.o   -c /home/ishkgur/Descargas/CUDA/cudacv-bw-F/CMakeFiles/CMakeTmp/CheckSymbolExists.c
Linking C executable cmTC_9f121
/usr/bin/cmake -E cmake_link_script CMakeFiles/cmTC_9f121.dir/link.txt --verbose=1
/usr/bin/cc -fPIC     -rdynamic CMakeFiles/cmTC_9f121.dir/CheckSymbolExists.c.o  -o cmTC_9f121 
CMakeFiles/cmTC_9f121.dir/CheckSymbolExists.c.o: En la función `main':
CheckSymbolExists.c:(.text+0x1b): referencia a `pthread_create' sin definir
collect2: error: ld returned 1 exit status
CMakeFiles/cmTC_9f121.dir/build.make:97: recipe for target 'cmTC_9f121' failed
make[1]: *** [cmTC_9f121] Error 1
make[1]: se sale del directorio '/home/ishkgur/Descargas/CUDA/cudacv-bw-F/CMakeFiles/CMakeTmp'
Makefile:126: recipe for target 'cmTC_9f121/fast' failed
make: *** [cmTC_9f121/fast] Error 2

File /home/ishkgur/Descargas/CUDA/cudacv-bw-F/CMakeFiles/CMakeTmp/CheckSymbolExists.c:
/* */
#include <pthread.h>

int main(int argc, char** argv)
{
  (void)argv;
#ifndef pthread_create
  return ((int*)(&pthread_create))[argc];
#else
  (void)argc;
  return 0;
#endif
}

Determining if the function pthread_create exists in the pthreads failed with the following output:
Change Dir: /home/ishkgur/Descargas/CUDA/cudacv-bw-F/CMakeFiles/CMakeTmp

Run Build Command:"/usr/bin/make" "cmTC_b7771/fast"
/usr/bin/make -f CMakeFiles/cmTC_b7771.dir/build.make CMakeFiles/cmTC_b7771.dir/build
make[1]: se entra en el directorio '/home/ishkgur/Descargas/CUDA/cudacv-bw-F/CMakeFiles/CMakeTmp'
Building C object CMakeFiles/cmTC_b7771.dir/CheckFunctionExists.c.o
/usr/bin/cc   -fPIC -DCHECK_FUNCTION_EXISTS=pthread_create   -o CMakeFiles/cmTC_b7771.dir/CheckFunctionExists.c.o   -c /usr/share/cmake-3.10/Modules/CheckFunctionExists.c
Linking C executable cmTC_b7771
/usr/bin/cmake -E cmake_link_script CMakeFiles/cmTC_b7771.dir/link.txt --verbose=1
/usr/bin/cc -fPIC -DCHECK_FUNCTION_EXISTS=pthread_create    -rdynamic CMakeFiles/cmTC_b7771.dir/CheckFunctionExists.c.o  -o cmTC_b7771 -lpthreads 
/usr/bin/ld: no se puede encontrar -lpthreads
collect2: error: ld returned 1 exit status
CMakeFiles/cmTC_b7771.dir/build.make:97: recipe for target 'cmTC_b7771' failed
make[1]: *** [cmTC_b7771] Error 1
make[1]: se sale del directorio '/home/ishkgur/Descargas/CUDA/cudacv-bw-F/CMakeFiles/CMakeTmp'
Makefile:126: recipe for target 'cmTC_b7771/fast' failed
make: *** [cmTC_b7771/fast] Error 2


Determining if the pthread_create exist failed with the following output:
Change Dir: /home/ishkgur/Descargas/CUDA/cuda/CMakeFiles/CMakeTmp

Run Build Command:"/usr/bin/make" "cmTC_d1948/fast"
/usr/bin/make -f CMakeFiles/cmTC_d1948.dir/build.make CMakeFiles/cmTC_d1948.dir/build
make[1]: se entra en el directorio '/home/ishkgur/Descargas/CUDA/cuda/CMakeFiles/CMakeTmp'
Building C object CMakeFiles/cmTC_d1948.dir/CheckSymbolExists.c.o
/usr/bin/cc   -fPIC    -o CMakeFiles/cmTC_d1948.dir/CheckSymbolExists.c.o   -c /home/ishkgur/Descargas/CUDA/cuda/CMakeFiles/CMakeTmp/CheckSymbolExists.c
Linking C executable cmTC_d1948
/usr/bin/cmake -E cmake_link_script CMakeFiles/cmTC_d1948.dir/link.txt --verbose=1
/usr/bin/cc -fPIC     -rdynamic CMakeFiles/cmTC_d1948.dir/CheckSymbolExists.c.o  -o cmTC_d1948 
CMakeFiles/cmTC_d1948.dir/CheckSymbolExists.c.o: En la función `main':
CheckSymbolExists.c:(.text+0x1b): referencia a `pthread_create' sin definir
collect2: error: ld returned 1 exit status
CMakeFiles/cmTC_d1948.dir/build.make:97: recipe for target 'cmTC_d1948' failed
make[1]: *** [cmTC_d1948] Error 1
make[1]: se sale del directorio '/home/ishkgur/Descargas/CUDA/cuda/CMakeFiles/CMakeTmp'
Makefile:126: recipe for target 'cmTC_d1948/fast' failed
make: *** [cmTC_d1948/fast] Error 2

File /home/ishkgur/Descargas/CUDA/cuda/CMakeFiles/CMakeTmp/CheckSymbolExists.c:
/* */
#include <pthread.h>

int main(int argc, char** argv)
{
  (void)argv;
#ifndef pthread_create
  return ((int*)(&pthread_create))[argc];
#else
  (void)argc;
  return 0;
#endif
}

Determining if the function pthread_create exists in the pthreads failed with the following output:
Change Dir: /home/ishkgur/Descargas/CUDA/cuda/CMakeFiles/CMakeTmp

Run Build Command:"/usr/bin/make" "cmTC_2efb1/fast"
/usr/bin/make -f CMakeFiles/cmTC_2efb1.dir/build.make CMakeFiles/cmTC_2efb1.dir/build
make[1]: se entra en el directorio '/home/ishkgur/Descargas/CUDA/cuda/CMakeFiles/CMakeTmp'
Building C object CMakeFiles/cmTC_2efb1.dir/CheckFunctionExists.c.o
/usr/bin/cc   -fPIC -DCHECK_FUNCTION_EXISTS=pthread_create   -o CMakeFiles/cmTC_2efb1.dir/CheckFunctionExists.c.o   -c /usr/share/cmake-3.10/Modules/CheckFunctionExists.c
Linking C executable cmTC_2efb1
/usr/bin/cmake -E cmake_link_script CMakeFiles/cmTC_2efb1.dir/link.txt --verbose=1
/usr/bin/cc -fPIC -DCHECK_FUNCTION_EXISTS=pthread_create    -rdynamic CMakeFiles/cmTC_2efb1.dir/CheckFunctionExists.c.o  -o cmTC_2efb1 -lpthreads 
/usr/bin/ld: no se puede encontrar -lpthreads
collect2: error: ld returned 1 exit status
CMakeFiles/cmTC_2efb1.dir/build.make:97: recipe for target 'cmTC_2efb1' failed
make[1]: *** [cmTC_2efb1] Error 1
make[1]: se sale del directorio '/home/ishkgur/Descargas/CUDA/cuda/CMakeFiles/CMakeTmp'
Makefile:126: recipe for target 'cmTC_2efb1/fast' failed
make: *** [cmTC_2efb1/fast] Error 2


